<?xml version="1.0" encoding="UTF-8"?>
<coverage generated="1784794724397" clover="3.2.0">
  <project timestamp="1784794724397" name="All files">
    <metrics statements="28" coveredstatements="25" conditionals="10" coveredconditionals="7" methods="22" coveredmethods="19" elements="60" coveredelements="51" complexity="0" loc="28" ncloc="28" packages="6" files="19" classes="19"/>
    <package name="assets">
      <metrics statements="0" coveredstatements="0" conditionals="0" coveredconditionals="0" methods="0" coveredmethods="0"/>
      <file name="hero.jpeg" path="/Users/reynaldysaputra/me/test/keda-tech-test/src/assets/hero.jpeg">
        <metrics statements="0" coveredstatements="0" conditionals="0" coveredconditionals="0" methods="0" coveredmethods="0"/>
      </file>
    </package>
    <package name="components.layout">
      <metrics statements="9" coveredstatements="6" conditionals="6" coveredconditionals="3" methods="7" coveredmethods="4"/>
      <file name="Container.tsx" path="/Users/reynaldysaputra/me/test/keda-tech-test/src/components/layout/Container.tsx">
        <metrics statements="1" coveredstatements="1" conditionals="0" coveredconditionals="0" methods="1" coveredmethods="1"/>
        <line num="8" count="8" type="stmt"/>
      </file>
      <file name="Footer.tsx" path="/Users/reynaldysaputra/me/test/keda-tech-test/src/components/layout/Footer.tsx">
        <metrics statements="1" coveredstatements="1" conditionals="0" coveredconditionals="0" methods="1" coveredmethods="1"/>
        <line num="4" count="1" type="stmt"/>
      </file>
      <file name="Navbar.tsx" path="/Users/reynaldysaputra/me/test/keda-tech-test/src/components/layout/Navbar.tsx">
        <metrics statements="7" coveredstatements="4" conditionals="6" coveredconditionals="3" methods="5" coveredmethods="2"/>
        <line num="9" count="2" type="stmt"/>
        <line num="10" count="2" type="stmt"/>
        <line num="12" count="2" type="stmt"/>
        <line num="25" count="6" type="stmt"/>
        <line num="28" count="0" type="stmt"/>
        <line num="46" count="0" type="stmt"/>
        <line num="63" count="0" type="stmt"/>
      </file>
    </package>
    <package name="components.ui">
      <metrics statements="6" coveredstatements="6" conditionals="4" coveredconditionals="4" methods="6" coveredmethods="6"/>
      <file name="Button.tsx" path="/Users/reynaldysaputra/me/test/keda-tech-test/src/components/ui/Button.tsx">
        <metrics statements="1" coveredstatements="1" conditionals="0" coveredconditionals="0" methods="1" coveredmethods="1"/>
        <line num="13" count="10" type="stmt"/>
      </file>
      <file name="FeatureCard.tsx" path="/Users/reynaldysaputra/me/test/keda-tech-test/src/components/ui/FeatureCard.tsx">
        <metrics statements="1" coveredstatements="1" conditionals="0" coveredconditionals="0" methods="1" coveredmethods="1"/>
        <line num="14" count="4" type="stmt"/>
      </file>
      <file name="PricingCard.tsx" path="/Users/reynaldysaputra/me/test/keda-tech-test/src/components/ui/PricingCard.tsx">
        <metrics statements="2" coveredstatements="2" conditionals="4" coveredconditionals="4" methods="2" coveredmethods="2"/>
        <line num="19" count="4" type="stmt"/>
        <line num="47" count="17" type="stmt"/>
      </file>
      <file name="SectionTitle.tsx" path="/Users/reynaldysaputra/me/test/keda-tech-test/src/components/ui/SectionTitle.tsx">
        <metrics statements="1" coveredstatements="1" conditionals="0" coveredconditionals="0" methods="1" coveredmethods="1"/>
        <line num="10" count="4" type="stmt"/>
      </file>
      <file name="StatisticCard.tsx" path="/Users/reynaldysaputra/me/test/keda-tech-test/src/components/ui/StatisticCard.tsx">
        <metrics statements="1" coveredstatements="1" conditionals="0" coveredconditionals="0" methods="1" coveredmethods="1"/>
        <line num="14" count="4" type="stmt"/>
      </file>
    </package>
    <package name="constants">
      <metrics statements="4" coveredstatements="4" conditionals="0" coveredconditionals="0" methods="0" coveredmethods="0"/>
      <file name="features.ts" path="/Users/reynaldysaputra/me/test/keda-tech-test/src/constants/features.ts">
        <metrics statements="1" coveredstatements="1" conditionals="0" coveredconditionals="0" methods="0" coveredmethods="0"/>
        <line num="7" count="1" type="stmt"/>
      </file>
      <file name="menu.ts" path="/Users/reynaldysaputra/me/test/keda-tech-test/src/constants/menu.ts">
        <metrics statements="1" coveredstatements="1" conditionals="0" coveredconditionals="0" methods="0" coveredmethods="0"/>
        <line num="1" count="2" type="stmt"/>
      </file>
      <file name="pricing.ts" path="/Users/reynaldysaputra/me/test/keda-tech-test/src/constants/pricing.ts">
        <metrics statements="1" coveredstatements="1" conditionals="0" coveredconditionals="0" methods="0" coveredmethods="0"/>
        <line num="1" count="1" type="stmt"/>
      </file>
      <file name="statistics.ts" path="/Users/reynaldysaputra/me/test/keda-tech-test/src/constants/statistics.ts">
        <metrics statements="1" coveredstatements="1" conditionals="0" coveredconditionals="0" methods="0" coveredmethods="0"/>
        <line num="8" count="1" type="stmt"/>
      </file>
    </package>
    <package name="pages">
      <metrics statements="1" coveredstatements="1" conditionals="0" coveredconditionals="0" methods="1" coveredmethods="1"/>
      <file name="Home.tsx" path="/Users/reynaldysaputra/me/test/keda-tech-test/src/pages/Home.tsx">
        <metrics statements="1" coveredstatements="1" conditionals="0" coveredconditionals="0" methods="1" coveredmethods="1"/>
        <line num="11" count="1" type="stmt"/>
      </file>
    </package>
    <package name="sections">
      <metrics statements="8" coveredstatements="8" conditionals="0" coveredconditionals="0" methods="8" coveredmethods="8"/>
      <file name="About.tsx" path="/Users/reynaldysaputra/me/test/keda-tech-test/src/sections/About.tsx">
        <metrics statements="2" coveredstatements="2" conditionals="0" coveredconditionals="0" methods="2" coveredmethods="2"/>
        <line num="9" count="1" type="stmt"/>
        <line num="28" count="3" type="stmt"/>
      </file>
      <file name="Contact.tsx" path="/Users/reynaldysaputra/me/test/keda-tech-test/src/sections/Contact.tsx">
        <metrics statements="1" coveredstatements="1" conditionals="0" coveredconditionals="0" methods="1" coveredmethods="1"/>
        <line num="13" count="1" type="stmt"/>
      </file>
      <file name="Hero.tsx" path="/Users/reynaldysaputra/me/test/keda-tech-test/src/sections/Hero.tsx">
        <metrics statements="1" coveredstatements="1" conditionals="0" coveredconditionals="0" methods="1" coveredmethods="1"/>
        <line num="8" count="1" type="stmt"/>
      </file>
      <file name="Pricing.tsx" path="/Users/reynaldysaputra/me/test/keda-tech-test/src/sections/Pricing.tsx">
        <metrics statements="2" coveredstatements="2" conditionals="0" coveredconditionals="0" methods="2" coveredmethods="2"/>
        <line num="9" count="1" type="stmt"/>
        <line num="22" count="3" type="stmt"/>
      </file>
      <file name="Statistics.tsx" path="/Users/reynaldysaputra/me/test/keda-tech-test/src/sections/Statistics.tsx">
        <metrics statements="2" coveredstatements="2" conditionals="0" coveredconditionals="0" methods="2" coveredmethods="2"/>
        <line num="10" count="1" type="stmt"/>
        <line num="23" count="4" type="stmt"/>
      </file>
    </package>
  </project>
</coverage>
