{"/Users/reynaldysaputra/me/test/keda-tech-test/src/assets/hero.jpeg": {"path":"/Users/reynaldysaputra/me/test/keda-tech-test/src/assets/hero.jpeg","statementMap":{},"fnMap":{},"branchMap":{},"s":{},"f":{},"b":{},"meta":{"lastBranch":0,"lastFunction":0,"lastStatement":0,"seen":{},"fnNames":{}}}
,"/Users/reynaldysaputra/me/test/keda-tech-test/src/components/layout/Container.tsx": {"path":"/Users/reynaldysaputra/me/test/keda-tech-test/src/components/layout/Container.tsx","statementMap":{"0":{"start":{"line":8,"column":2},"end":{"line":11,"column":null}}},"fnMap":{"0":{"name":"Container","decl":{"start":{"line":7,"column":24},"end":{"line":7,"column":34}},"loc":{"start":{"line":7,"column":55},"end":{"line":13,"column":null}},"line":7}},"branchMap":{},"s":{"0":8},"f":{"0":8},"b":{},"meta":{"lastBranch":0,"lastFunction":1,"lastStatement":1,"seen":{"f:7:24:7:34":0,"s:8:2:11:Infinity":0},"fnNames":{}}}
,"/Users/reynaldysaputra/me/test/keda-tech-test/src/components/layout/Footer.tsx": {"path":"/Users/reynaldysaputra/me/test/keda-tech-test/src/components/layout/Footer.tsx","statementMap":{"0":{"start":{"line":4,"column":2},"end":{"line":11,"column":null}}},"fnMap":{"0":{"name":"Footer","decl":{"start":{"line":3,"column":24},"end":{"line":3,"column":33}},"loc":{"start":{"line":3,"column":33},"end":{"line":13,"column":null}},"line":3}},"branchMap":{},"s":{"0":1},"f":{"0":1},"b":{},"meta":{"lastBranch":0,"lastFunction":1,"lastStatement":1,"seen":{"f:3:24:3:33":0,"s:4:2:11:Infinity":0},"fnNames":{}}}
,"/Users/reynaldysaputra/me/test/keda-tech-test/src/components/layout/Navbar.tsx": {"path":"/Users/reynaldysaputra/me/test/keda-tech-test/src/components/layout/Navbar.tsx","statementMap":{"0":{"start":{"line":9,"column":30},"end":{"line":9,"column":null}},"1":{"start":{"line":10,"column":30},"end":{"line":10,"column":null}},"2":{"start":{"line":12,"column":2},"end":{"line":77,"column":null}},"3":{"start":{"line":25,"column":14},"end":{"line":36,"column":null}},"4":{"start":{"line":28,"column":31},"end":{"line":28,"column":null}},"5":{"start":{"line":46,"column":29},"end":{"line":46,"column":null}},"6":{"start":{"line":63,"column":16},"end":{"line":69,"column":null}}},"fnMap":{"0":{"name":"Navbar","decl":{"start":{"line":8,"column":24},"end":{"line":8,"column":33}},"loc":{"start":{"line":8,"column":33},"end":{"line":79,"column":null}},"line":8},"1":{"name":"(anonymous_1)","decl":{"start":{"line":24,"column":19},"end":{"line":24,"column":24}},"loc":{"start":{"line":25,"column":14},"end":{"line":36,"column":null}},"line":25},"2":{"name":"(anonymous_2)","decl":{"start":{"line":28,"column":16},"end":{"line":28,"column":31}},"loc":{"start":{"line":28,"column":31},"end":{"line":28,"column":null}},"line":28},"3":{"name":"(anonymous_3)","decl":{"start":{"line":46,"column":14},"end":{"line":46,"column":29}},"loc":{"start":{"line":46,"column":29},"end":{"line":46,"column":null}},"line":46},"4":{"name":"(anonymous_4)","decl":{"start":{"line":62,"column":21},"end":{"line":62,"column":25}},"loc":{"start":{"line":63,"column":16},"end":{"line":69,"column":null}},"line":63}},"branchMap":{"0":{"loc":{"start":{"line":30,"column":18},"end":{"line":32,"column":null}},"type":"cond-expr","locations":[{"start":{"line":31,"column":22},"end":{"line":31,"column":null}},{"start":{"line":32,"column":22},"end":{"line":32,"column":null}}],"line":30},"1":{"loc":{"start":{"line":49,"column":16},"end":{"line":51,"column":null}},"type":"cond-expr","locations":[{"start":{"line":50,"column":20},"end":{"line":51,"column":21}},{"start":{"line":51,"column":20},"end":{"line":51,"column":null}}],"line":49},"2":{"loc":{"start":{"line":58,"column":10},"end":{"line":76,"column":null}},"type":"binary-expr","locations":[{"start":{"line":58,"column":10},"end":{"line":58,"column":null}},{"start":{"line":60,"column":12},"end":{"line":76,"column":null}}],"line":58}},"s":{"0":2,"1":2,"2":2,"3":6,"4":0,"5":0,"6":0},"f":{"0":2,"1":6,"2":0,"3":0,"4":0},"b":{"0":[0,6],"1":[0,2],"2":[2,0]},"meta":{"lastBranch":3,"lastFunction":5,"lastStatement":7,"seen":{"f:8:24:8:33":0,"s:9:30:9:Infinity":0,"s:10:30:10:Infinity":1,"s:12:2:77:Infinity":2,"f:24:19:24:24":1,"s:25:14:36:Infinity":3,"f:28:16:28:31":2,"s:28:31:28:Infinity":4,"b:31:22:31:Infinity:32:22:32:Infinity":0,"f:46:14:46:29":3,"s:46:29:46:Infinity":5,"b:50:20:51:21:51:20:51:Infinity":1,"b:58:10:58:Infinity:60:12:76:Infinity":2,"f:62:21:62:25":4,"s:63:16:69:Infinity":6},"fnNames":{}}}
,"/Users/reynaldysaputra/me/test/keda-tech-test/src/components/ui/Button.tsx": {"path":"/Users/reynaldysaputra/me/test/keda-tech-test/src/components/ui/Button.tsx","statementMap":{"0":{"start":{"line":13,"column":2},"end":{"line":22,"column":null}}},"fnMap":{"0":{"name":"Button","decl":{"start":{"line":8,"column":24},"end":{"line":8,"column":31}},"loc":{"start":{"line":12,"column":10},"end":{"line":24,"column":null}},"line":12}},"branchMap":{},"s":{"0":10},"f":{"0":10},"b":{},"meta":{"lastBranch":0,"lastFunction":1,"lastStatement":1,"seen":{"f:8:24:8:31":0,"s:13:2:22:Infinity":0},"fnNames":{}}}
,"/Users/reynaldysaputra/me/test/keda-tech-test/src/components/ui/FeatureCard.tsx": {"path":"/Users/reynaldysaputra/me/test/keda-tech-test/src/components/ui/FeatureCard.tsx","statementMap":{"0":{"start":{"line":14,"column":2},"end":{"line":37,"column":null}}},"fnMap":{"0":{"name":"FeatureCard","decl":{"start":{"line":9,"column":24},"end":{"line":9,"column":36}},"loc":{"start":{"line":13,"column":10},"end":{"line":39,"column":null}},"line":13}},"branchMap":{},"s":{"0":4},"f":{"0":4},"b":{},"meta":{"lastBranch":0,"lastFunction":1,"lastStatement":1,"seen":{"f:9:24:9:36":0,"s:14:2:37:Infinity":0},"fnNames":{}}}
,"/Users/reynaldysaputra/me/test/keda-tech-test/src/components/ui/PricingCard.tsx": {"path":"/Users/reynaldysaputra/me/test/keda-tech-test/src/components/ui/PricingCard.tsx","statementMap":{"0":{"start":{"line":19,"column":2},"end":{"line":60,"column":null}},"1":{"start":{"line":47,"column":10},"end":{"line":53,"column":null}}},"fnMap":{"0":{"name":"PricingCard","decl":{"start":{"line":12,"column":24},"end":{"line":12,"column":36}},"loc":{"start":{"line":18,"column":10},"end":{"line":62,"column":null}},"line":18},"1":{"name":"(anonymous_1)","decl":{"start":{"line":46,"column":18},"end":{"line":46,"column":23}},"loc":{"start":{"line":47,"column":10},"end":{"line":53,"column":null}},"line":47}},"branchMap":{"0":{"loc":{"start":{"line":24,"column":10},"end":{"line":24,"column":null}},"type":"cond-expr","locations":[{"start":{"line":24,"column":20},"end":{"line":24,"column":60}},{"start":{"line":24,"column":60},"end":{"line":24,"column":null}}],"line":24},"1":{"loc":{"start":{"line":27,"column":7},"end":{"line":30,"column":null}},"type":"binary-expr","locations":[{"start":{"line":27,"column":7},"end":{"line":27,"column":null}},{"start":{"line":28,"column":8},"end":{"line":30,"column":null}}],"line":27}},"s":{"0":4,"1":17},"f":{"0":4,"1":17},"b":{"0":[2,2],"1":[4,2]},"meta":{"lastBranch":2,"lastFunction":2,"lastStatement":2,"seen":{"f:12:24:12:36":0,"s:19:2:60:Infinity":0,"b:24:20:24:60:24:60:24:Infinity":0,"b:27:7:27:Infinity:28:8:30:Infinity":1,"f:46:18:46:23":1,"s:47:10:53:Infinity":1},"fnNames":{}}}
,"/Users/reynaldysaputra/me/test/keda-tech-test/src/components/ui/SectionTitle.tsx": {"path":"/Users/reynaldysaputra/me/test/keda-tech-test/src/components/ui/SectionTitle.tsx","statementMap":{"0":{"start":{"line":10,"column":2},"end":{"line":19,"column":null}}},"fnMap":{"0":{"name":"SectionTitle","decl":{"start":{"line":6,"column":24},"end":{"line":6,"column":37}},"loc":{"start":{"line":9,"column":10},"end":{"line":21,"column":null}},"line":9}},"branchMap":{},"s":{"0":4},"f":{"0":4},"b":{},"meta":{"lastBranch":0,"lastFunction":1,"lastStatement":1,"seen":{"f:6:24:6:37":0,"s:10:2:19:Infinity":0},"fnNames":{}}}
,"/Users/reynaldysaputra/me/test/keda-tech-test/src/components/ui/StatisticCard.tsx": {"path":"/Users/reynaldysaputra/me/test/keda-tech-test/src/components/ui/StatisticCard.tsx","statementMap":{"0":{"start":{"line":14,"column":2},"end":{"line":27,"column":null}}},"fnMap":{"0":{"name":"StatisticCard","decl":{"start":{"line":9,"column":24},"end":{"line":9,"column":38}},"loc":{"start":{"line":13,"column":10},"end":{"line":29,"column":null}},"line":13}},"branchMap":{},"s":{"0":4},"f":{"0":4},"b":{},"meta":{"lastBranch":0,"lastFunction":1,"lastStatement":1,"seen":{"f:9:24:9:38":0,"s:14:2:27:Infinity":0},"fnNames":{}}}
,"/Users/reynaldysaputra/me/test/keda-tech-test/src/constants/features.ts": {"path":"/Users/reynaldysaputra/me/test/keda-tech-test/src/constants/features.ts","statementMap":{"0":{"start":{"line":7,"column":24},"end":{"line":26,"column":null}}},"fnMap":{},"branchMap":{},"s":{"0":1},"f":{},"b":{},"meta":{"lastBranch":0,"lastFunction":0,"lastStatement":1,"seen":{"s:7:24:26:Infinity":0},"fnNames":{}}}
,"/Users/reynaldysaputra/me/test/keda-tech-test/src/constants/menu.ts": {"path":"/Users/reynaldysaputra/me/test/keda-tech-test/src/constants/menu.ts","statementMap":{"0":{"start":{"line":1,"column":21},"end":{"line":14,"column":null}}},"fnMap":{},"branchMap":{},"s":{"0":2},"f":{},"b":{},"meta":{"lastBranch":0,"lastFunction":0,"lastStatement":1,"seen":{"s:1:21:14:Infinity":0},"fnNames":{}}}
,"/Users/reynaldysaputra/me/test/keda-tech-test/src/constants/pricing.ts": {"path":"/Users/reynaldysaputra/me/test/keda-tech-test/src/constants/pricing.ts","statementMap":{"0":{"start":{"line":1,"column":28},"end":{"line":41,"column":null}}},"fnMap":{},"branchMap":{},"s":{"0":1},"f":{},"b":{},"meta":{"lastBranch":0,"lastFunction":0,"lastStatement":1,"seen":{"s:1:28:41:Infinity":0},"fnNames":{}}}
,"/Users/reynaldysaputra/me/test/keda-tech-test/src/constants/statistics.ts": {"path":"/Users/reynaldysaputra/me/test/keda-tech-test/src/constants/statistics.ts","statementMap":{"0":{"start":{"line":8,"column":26},"end":{"line":29,"column":null}}},"fnMap":{},"branchMap":{},"s":{"0":1},"f":{},"b":{},"meta":{"lastBranch":0,"lastFunction":0,"lastStatement":1,"seen":{"s:8:26:29:Infinity":0},"fnNames":{}}}
,"/Users/reynaldysaputra/me/test/keda-tech-test/src/pages/Home.tsx": {"path":"/Users/reynaldysaputra/me/test/keda-tech-test/src/pages/Home.tsx","statementMap":{"0":{"start":{"line":11,"column":2},"end":{"line":24,"column":null}}},"fnMap":{"0":{"name":"Home","decl":{"start":{"line":10,"column":24},"end":{"line":10,"column":31}},"loc":{"start":{"line":10,"column":31},"end":{"line":26,"column":null}},"line":10}},"branchMap":{},"s":{"0":1},"f":{"0":1},"b":{},"meta":{"lastBranch":0,"lastFunction":1,"lastStatement":1,"seen":{"f:10:24:10:31":0,"s:11:2:24:Infinity":0},"fnNames":{}}}
,"/Users/reynaldysaputra/me/test/keda-tech-test/src/sections/About.tsx": {"path":"/Users/reynaldysaputra/me/test/keda-tech-test/src/sections/About.tsx","statementMap":{"0":{"start":{"line":9,"column":2},"end":{"line":35,"column":null}},"1":{"start":{"line":28,"column":12},"end":{"line":31,"column":null}}},"fnMap":{"0":{"name":"About","decl":{"start":{"line":8,"column":24},"end":{"line":8,"column":32}},"loc":{"start":{"line":8,"column":32},"end":{"line":37,"column":null}},"line":8},"1":{"name":"(anonymous_1)","decl":{"start":{"line":27,"column":20},"end":{"line":27,"column":25}},"loc":{"start":{"line":28,"column":12},"end":{"line":31,"column":null}},"line":28}},"branchMap":{},"s":{"0":1,"1":3},"f":{"0":1,"1":3},"b":{},"meta":{"lastBranch":0,"lastFunction":2,"lastStatement":2,"seen":{"f:8:24:8:32":0,"s:9:2:35:Infinity":0,"f:27:20:27:25":1,"s:28:12:31:Infinity":1},"fnNames":{}}}
,"/Users/reynaldysaputra/me/test/keda-tech-test/src/sections/Contact.tsx": {"path":"/Users/reynaldysaputra/me/test/keda-tech-test/src/sections/Contact.tsx","statementMap":{"0":{"start":{"line":13,"column":2},"end":{"line":120,"column":null}}},"fnMap":{"0":{"name":"Contact","decl":{"start":{"line":12,"column":24},"end":{"line":12,"column":34}},"loc":{"start":{"line":12,"column":34},"end":{"line":122,"column":null}},"line":12}},"branchMap":{},"s":{"0":1},"f":{"0":1},"b":{},"meta":{"lastBranch":0,"lastFunction":1,"lastStatement":1,"seen":{"f:12:24:12:34":0,"s:13:2:120:Infinity":0},"fnNames":{}}}
,"/Users/reynaldysaputra/me/test/keda-tech-test/src/sections/Hero.tsx": {"path":"/Users/reynaldysaputra/me/test/keda-tech-test/src/sections/Hero.tsx","statementMap":{"0":{"start":{"line":8,"column":2},"end":{"line":68,"column":null}}},"fnMap":{"0":{"name":"Hero","decl":{"start":{"line":7,"column":24},"end":{"line":7,"column":31}},"loc":{"start":{"line":7,"column":31},"end":{"line":70,"column":null}},"line":7}},"branchMap":{},"s":{"0":1},"f":{"0":1},"b":{},"meta":{"lastBranch":0,"lastFunction":1,"lastStatement":1,"seen":{"f:7:24:7:31":0,"s:8:2:68:Infinity":0},"fnNames":{}}}
,"/Users/reynaldysaputra/me/test/keda-tech-test/src/sections/Pricing.tsx": {"path":"/Users/reynaldysaputra/me/test/keda-tech-test/src/sections/Pricing.tsx","statementMap":{"0":{"start":{"line":9,"column":2},"end":{"line":37,"column":null}},"1":{"start":{"line":22,"column":12},"end":{"line":33,"column":null}}},"fnMap":{"0":{"name":"Pricing","decl":{"start":{"line":8,"column":24},"end":{"line":8,"column":34}},"loc":{"start":{"line":8,"column":34},"end":{"line":39,"column":null}},"line":8},"1":{"name":"(anonymous_1)","decl":{"start":{"line":21,"column":24},"end":{"line":21,"column":29}},"loc":{"start":{"line":22,"column":12},"end":{"line":33,"column":null}},"line":22}},"branchMap":{},"s":{"0":1,"1":3},"f":{"0":1,"1":3},"b":{},"meta":{"lastBranch":0,"lastFunction":2,"lastStatement":2,"seen":{"f:8:24:8:34":0,"s:9:2:37:Infinity":0,"f:21:24:21:29":1,"s:22:12:33:Infinity":1},"fnNames":{}}}
,"/Users/reynaldysaputra/me/test/keda-tech-test/src/sections/Statistics.tsx": {"path":"/Users/reynaldysaputra/me/test/keda-tech-test/src/sections/Statistics.tsx","statementMap":{"0":{"start":{"line":10,"column":2},"end":{"line":38,"column":null}},"1":{"start":{"line":23,"column":12},"end":{"line":34,"column":null}}},"fnMap":{"0":{"name":"Statistics","decl":{"start":{"line":9,"column":24},"end":{"line":9,"column":37}},"loc":{"start":{"line":9,"column":37},"end":{"line":40,"column":null}},"line":9},"1":{"name":"(anonymous_1)","decl":{"start":{"line":22,"column":22},"end":{"line":22,"column":27}},"loc":{"start":{"line":23,"column":12},"end":{"line":34,"column":null}},"line":23}},"branchMap":{},"s":{"0":1,"1":4},"f":{"0":1,"1":4},"b":{},"meta":{"lastBranch":0,"lastFunction":2,"lastStatement":2,"seen":{"f:9:24:9:37":0,"s:10:2:38:Infinity":0,"f:22:22:22:27":1,"s:23:12:34:Infinity":1},"fnNames":{}}}
}
